[1/2] "C:/Program Files/CMake/bin/cmake.exe" -E chdir "../../x64-windows-dbg" "C:/Program Files/CMake/bin/cmake.exe" "B:/Capstone/Digital-Twin-CS_Capstone/vcpkg/buildtrees/mongo-c-driver/src/1.24.3-56c7a21808.clean" "-G" "Ninja" "-DCMAKE_BUILD_TYPE=Debug" "-DCMAKE_INSTALL_PREFIX=B:/Capstone/Digital-Twin-CS_Capstone/vcpkg/packages/mongo-c-driver_x64-windows/debug" "-DFETCHCONTENT_FULLY_DISCONNECTED=ON" "-DENABLE_ICU=OFF" "-DENABLE_SNAPPY=OFF" "-DENABLE_ZSTD=OFF" "-DENABLE_SSL=WINDOWS" "-DUSE_SYSTEM_LIBBSON=ON" "-DENABLE_EXAMPLES=OFF" "-DENABLE_SHM_COUNTERS=OFF" "-DENABLE_STATIC=OFF" "-DENABLE_TESTS=OFF" "-DENABLE_UNINSTALL=OFF" "-DENABLE_ZLIB=SYSTEM" "-DVCPKG_HOST_TRIPLET=x64-windows" "-DCMAKE_MAKE_PROGRAM=C:/Program Files/Microsoft Visual Studio/2022/Community/Common7/IDE/CommonExtensions/Microsoft/CMake/Ninja/ninja.exe" "-DBUILD_SHARED_LIBS=ON" "-DVCPKG_CHAINLOAD_TOOLCHAIN_FILE=B:/Capstone/Digital-Twin-CS_Capstone/vcpkg/scripts/toolchains/windows.cmake" "-DVCPKG_TARGET_TRIPLET=x64-windows" "-DVCPKG_SET_CHARSET_FLAG=ON" "-DVCPKG_PLATFORM_TOOLSET=v143" "-DCMAKE_EXPORT_NO_PACKAGE_REGISTRY=ON" "-DCMAKE_FIND_PACKAGE_NO_PACKAGE_REGISTRY=ON" "-DCMAKE_FIND_PACKAGE_NO_SYSTEM_PACKAGE_REGISTRY=ON" "-DCMAKE_INSTALL_SYSTEM_RUNTIME_LIBS_SKIP=TRUE" "-DCMAKE_VERBOSE_MAKEFILE=ON" "-DVCPKG_APPLOCAL_DEPS=OFF" "-DCMAKE_TOOLCHAIN_FILE=B:/Capstone/Digital-Twin-CS_Capstone/vcpkg/scripts/buildsystems/vcpkg.cmake" "-DCMAKE_ERROR_ON_ABSOLUTE_INSTALL_DESTINATION=ON" "-DVCPKG_CXX_FLAGS=" "-DVCPKG_CXX_FLAGS_RELEASE=" "-DVCPKG_CXX_FLAGS_DEBUG=" "-DVCPKG_C_FLAGS=" "-DVCPKG_C_FLAGS_RELEASE=" "-DVCPKG_C_FLAGS_DEBUG=" "-DVCPKG_CRT_LINKAGE=dynamic" "-DVCPKG_LINKER_FLAGS=" "-DVCPKG_LINKER_FLAGS_RELEASE=" "-DVCPKG_LINKER_FLAGS_DEBUG=" "-DVCPKG_TARGET_ARCHITECTURE=x64" "-DCMAKE_INSTALL_LIBDIR:STRING=lib" "-DCMAKE_INSTALL_BINDIR:STRING=bin" "-D_VCPKG_ROOT_DIR=B:/Capstone/Digital-Twin-CS_Capstone/vcpkg" "-D_VCPKG_INSTALLED_DIR=B:/Capstone/Digital-Twin-CS_Capstone/vcpkg/installed" "-DVCPKG_MANIFEST_INSTALL=OFF"
-- The C compiler identification is MSVC 19.37.32824.0
-- Detecting C compiler ABI info
-- Detecting C compiler ABI info - done
-- Check for working C compiler: C:/Program Files/Microsoft Visual Studio/2022/Community/VC/Tools/MSVC/14.37.32822/bin/Hostx64/x64/cl.exe - skipped
-- Detecting C compile features
-- Detecting C compile features - done
-- Looking for a CXX compiler
-- Looking for a CXX compiler - C:/Program Files/Microsoft Visual Studio/2022/Community/VC/Tools/MSVC/14.37.32822/bin/Hostx64/x64/cl.exe
-- The CXX compiler identification is MSVC 19.37.32824.0
-- Detecting CXX compiler ABI info
-- Detecting CXX compiler ABI info - done
-- Check for working CXX compiler: C:/Program Files/Microsoft Visual Studio/2022/Community/VC/Tools/MSVC/14.37.32822/bin/Hostx64/x64/cl.exe - skipped
-- Detecting CXX compile features
-- Detecting CXX compile features - done
-- file VERSION_CURRENT contained BUILD_VERSION 1.24.3
-- Searching for libbson CMake packages
-- libbson found version "1.24.3"
-- disabling test-libmongoc since using system libbson
-- Found Python3: C:/ProgramData/anaconda3/python.exe (found version "3.11.4") found components: Interpreter 
CMake Deprecation Warning at src/libmongoc/CMakeLists.txt:1 (cmake_minimum_required):
  Compatibility with CMake < 3.5 will be removed from a future version of
  CMake.

  Update the VERSION argument <min> value or use a ...<max> suffix to tell
  CMake that the project does not need compatibility with older versions.


-- libmongoc version (from VERSION_CURRENT file): 1.24.3
-- Searching for zlib CMake packages
-- Found ZLIB: optimized;B:/Capstone/Digital-Twin-CS_Capstone/vcpkg/installed/x64-windows/lib/zlib.lib;debug;B:/Capstone/Digital-Twin-CS_Capstone/vcpkg/installed/x64-windows/debug/lib/zlibd.lib (found version "1.3.0")  
--    zlib found version "1.3.0"
--    zlib include path "B:/Capstone/Digital-Twin-CS_Capstone/vcpkg/installed/x64-windows/include"
--    zlib libraries "optimized;B:/Capstone/Digital-Twin-CS_Capstone/vcpkg/installed/x64-windows/lib/zlib.lib;debug;B:/Capstone/Digital-Twin-CS_Capstone/vcpkg/installed/x64-windows/debug/lib/zlibd.lib"
-- Looking for include file unistd.h
-- Looking for include file unistd.h - not found
-- Looking for include file stdarg.h
-- Looking for include file stdarg.h - found
-- Looking for sys/types.h
-- Looking for sys/types.h - found
-- Looking for stdint.h
-- Looking for stdint.h - found
-- Looking for stddef.h
-- Looking for stddef.h - found
-- Check size of socklen_t
-- Check size of socklen_t - done
-- Looking for sched_getcpu
-- Looking for sched_getcpu - not found
-- Searching for libmongocrypt
-- libmongocrypt not found. Configuring without Client-Side Field Level Encryption support.
-- Performing Test MONGOC_HAVE_SS_FAMILY
-- Performing Test MONGOC_HAVE_SS_FAMILY - Failed
-- Compiling against Secure Channel
-- Compiling against Windows SSPI
-- Performing Test CMAKE_HAVE_LIBC_PTHREAD
-- Performing Test CMAKE_HAVE_LIBC_PTHREAD - Failed
-- Looking for pthread_create in pthreads
-- Looking for pthread_create in pthreads - not found
-- Looking for pthread_create in pthread
-- Looking for pthread_create in pthread - not found
-- Found Threads: TRUE  
-- Building with MONGODB-AWS auth support
-- Build files generated for:
-- 	build system: Ninja
-- Configuring done (16.4s)
-- Generating done (0.1s)
CMake Warning:
  Manually-specified variables were not used by the project:

    FETCHCONTENT_FULLY_DISCONNECTED
    _VCPKG_ROOT_DIR


-- Build files have been written to: B:/Capstone/Digital-Twin-CS_Capstone/vcpkg/buildtrees/mongo-c-driver/x64-windows-dbg
[2/2] "C:/Program Files/CMake/bin/cmake.exe" -E chdir ".." "C:/Program Files/CMake/bin/cmake.exe" "B:/Capstone/Digital-Twin-CS_Capstone/vcpkg/buildtrees/mongo-c-driver/src/1.24.3-56c7a21808.clean" "-G" "Ninja" "-DCMAKE_BUILD_TYPE=Release" "-DCMAKE_INSTALL_PREFIX=B:/Capstone/Digital-Twin-CS_Capstone/vcpkg/packages/mongo-c-driver_x64-windows" "-DFETCHCONTENT_FULLY_DISCONNECTED=ON" "-DENABLE_ICU=OFF" "-DENABLE_SNAPPY=OFF" "-DENABLE_ZSTD=OFF" "-DENABLE_SSL=WINDOWS" "-DUSE_SYSTEM_LIBBSON=ON" "-DENABLE_EXAMPLES=OFF" "-DENABLE_SHM_COUNTERS=OFF" "-DENABLE_STATIC=OFF" "-DENABLE_TESTS=OFF" "-DENABLE_UNINSTALL=OFF" "-DENABLE_ZLIB=SYSTEM" "-DVCPKG_HOST_TRIPLET=x64-windows" "-DCMAKE_MAKE_PROGRAM=C:/Program Files/Microsoft Visual Studio/2022/Community/Common7/IDE/CommonExtensions/Microsoft/CMake/Ninja/ninja.exe" "-DBUILD_SHARED_LIBS=ON" "-DVCPKG_CHAINLOAD_TOOLCHAIN_FILE=B:/Capstone/Digital-Twin-CS_Capstone/vcpkg/scripts/toolchains/windows.cmake" "-DVCPKG_TARGET_TRIPLET=x64-windows" "-DVCPKG_SET_CHARSET_FLAG=ON" "-DVCPKG_PLATFORM_TOOLSET=v143" "-DCMAKE_EXPORT_NO_PACKAGE_REGISTRY=ON" "-DCMAKE_FIND_PACKAGE_NO_PACKAGE_REGISTRY=ON" "-DCMAKE_FIND_PACKAGE_NO_SYSTEM_PACKAGE_REGISTRY=ON" "-DCMAKE_INSTALL_SYSTEM_RUNTIME_LIBS_SKIP=TRUE" "-DCMAKE_VERBOSE_MAKEFILE=ON" "-DVCPKG_APPLOCAL_DEPS=OFF" "-DCMAKE_TOOLCHAIN_FILE=B:/Capstone/Digital-Twin-CS_Capstone/vcpkg/scripts/buildsystems/vcpkg.cmake" "-DCMAKE_ERROR_ON_ABSOLUTE_INSTALL_DESTINATION=ON" "-DVCPKG_CXX_FLAGS=" "-DVCPKG_CXX_FLAGS_RELEASE=" "-DVCPKG_CXX_FLAGS_DEBUG=" "-DVCPKG_C_FLAGS=" "-DVCPKG_C_FLAGS_RELEASE=" "-DVCPKG_C_FLAGS_DEBUG=" "-DVCPKG_CRT_LINKAGE=dynamic" "-DVCPKG_LINKER_FLAGS=" "-DVCPKG_LINKER_FLAGS_RELEASE=" "-DVCPKG_LINKER_FLAGS_DEBUG=" "-DVCPKG_TARGET_ARCHITECTURE=x64" "-DCMAKE_INSTALL_LIBDIR:STRING=lib" "-DCMAKE_INSTALL_BINDIR:STRING=bin" "-D_VCPKG_ROOT_DIR=B:/Capstone/Digital-Twin-CS_Capstone/vcpkg" "-D_VCPKG_INSTALLED_DIR=B:/Capstone/Digital-Twin-CS_Capstone/vcpkg/installed" "-DVCPKG_MANIFEST_INSTALL=OFF"
-- The C compiler identification is MSVC 19.37.32824.0
-- Detecting C compiler ABI info
-- Detecting C compiler ABI info - done
-- Check for working C compiler: C:/Program Files/Microsoft Visual Studio/2022/Community/VC/Tools/MSVC/14.37.32822/bin/Hostx64/x64/cl.exe - skipped
-- Detecting C compile features
-- Detecting C compile features - done
-- Looking for a CXX compiler
-- Looking for a CXX compiler - C:/Program Files/Microsoft Visual Studio/2022/Community/VC/Tools/MSVC/14.37.32822/bin/Hostx64/x64/cl.exe
-- The CXX compiler identification is MSVC 19.37.32824.0
-- Detecting CXX compiler ABI info
-- Detecting CXX compiler ABI info - done
-- Check for working CXX compiler: C:/Program Files/Microsoft Visual Studio/2022/Community/VC/Tools/MSVC/14.37.32822/bin/Hostx64/x64/cl.exe - skipped
-- Detecting CXX compile features
-- Detecting CXX compile features - done
-- file VERSION_CURRENT contained BUILD_VERSION 1.24.3
-- Searching for libbson CMake packages
-- libbson found version "1.24.3"
-- disabling test-libmongoc since using system libbson
-- Found Python3: C:/ProgramData/anaconda3/python.exe (found version "3.11.4") found components: Interpreter 
CMake Deprecation Warning at src/libmongoc/CMakeLists.txt:1 (cmake_minimum_required):
  Compatibility with CMake < 3.5 will be removed from a future version of
  CMake.

  Update the VERSION argument <min> value or use a ...<max> suffix to tell
  CMake that the project does not need compatibility with older versions.


-- libmongoc version (from VERSION_CURRENT file): 1.24.3
-- Searching for zlib CMake packages
-- Found ZLIB: optimized;B:/Capstone/Digital-Twin-CS_Capstone/vcpkg/installed/x64-windows/lib/zlib.lib;debug;B:/Capstone/Digital-Twin-CS_Capstone/vcpkg/installed/x64-windows/debug/lib/zlibd.lib (found version "1.3.0")  
--    zlib found version "1.3.0"
--    zlib include path "B:/Capstone/Digital-Twin-CS_Capstone/vcpkg/installed/x64-windows/include"
--    zlib libraries "optimized;B:/Capstone/Digital-Twin-CS_Capstone/vcpkg/installed/x64-windows/lib/zlib.lib;debug;B:/Capstone/Digital-Twin-CS_Capstone/vcpkg/installed/x64-windows/debug/lib/zlibd.lib"
-- Looking for include file unistd.h
-- Looking for include file unistd.h - not found
-- Looking for include file stdarg.h
-- Looking for include file stdarg.h - found
-- Looking for sys/types.h
-- Looking for sys/types.h - found
-- Looking for stdint.h
-- Looking for stdint.h - found
-- Looking for stddef.h
-- Looking for stddef.h - found
-- Check size of socklen_t
-- Check size of socklen_t - done
-- Looking for sched_getcpu
-- Looking for sched_getcpu - not found
-- Searching for libmongocrypt
-- libmongocrypt not found. Configuring without Client-Side Field Level Encryption support.
-- Performing Test MONGOC_HAVE_SS_FAMILY
-- Performing Test MONGOC_HAVE_SS_FAMILY - Failed
-- Compiling against Secure Channel
-- Compiling against Windows SSPI
-- Performing Test CMAKE_HAVE_LIBC_PTHREAD
-- Performing Test CMAKE_HAVE_LIBC_PTHREAD - Failed
-- Looking for pthread_create in pthreads
-- Looking for pthread_create in pthreads - not found
-- Looking for pthread_create in pthread
-- Looking for pthread_create in pthread - not found
-- Found Threads: TRUE  
-- Building with MONGODB-AWS auth support
-- Build files generated for:
-- 	build system: Ninja
-- Configuring done (16.4s)
-- Generating done (0.1s)
CMake Warning:
  Manually-specified variables were not used by the project:

    FETCHCONTENT_FULLY_DISCONNECTED
    _VCPKG_ROOT_DIR


-- Build files have been written to: B:/Capstone/Digital-Twin-CS_Capstone/vcpkg/buildtrees/mongo-c-driver/x64-windows-rel
