[1/2] "C:/Program Files/CMake/bin/cmake.exe" -E chdir "../../x64-windows-dbg" "C:/Program Files/CMake/bin/cmake.exe" "B:/Capstone/Digital-Twin-CS_Capstone/vcpkg/buildtrees/libbson/src/1.24.3-34dd83f208.clean" "-G" "Ninja" "-DCMAKE_BUILD_TYPE=Debug" "-DCMAKE_INSTALL_PREFIX=B:/Capstone/Digital-Twin-CS_Capstone/vcpkg/packages/libbson_x64-windows/debug" "-DFETCHCONTENT_FULLY_DISCONNECTED=ON" "-DENABLE_BSON=ON" "-DENABLE_EXAMPLES=OFF" "-DENABLE_ICU=OFF" "-DENABLE_MONGOC=OFF" "-DENABLE_SASL=OFF" "-DENABLE_SNAPPY=OFF" "-DENABLE_SRV=OFF" "-DENABLE_SSL=OFF" "-DENABLE_STATIC=OFF" "-DENABLE_TESTS=OFF" "-DENABLE_UNINSTALL=OFF" "-DENABLE_ZLIB=SYSTEM" "-DENABLE_ZSTD=OFF" "-DCMAKE_MAKE_PROGRAM=C:/Program Files/Microsoft Visual Studio/2022/Community/Common7/IDE/CommonExtensions/Microsoft/CMake/Ninja/ninja.exe" "-DBUILD_SHARED_LIBS=ON" "-DVCPKG_CHAINLOAD_TOOLCHAIN_FILE=B:/Capstone/Digital-Twin-CS_Capstone/vcpkg/scripts/toolchains/windows.cmake" "-DVCPKG_TARGET_TRIPLET=x64-windows" "-DVCPKG_SET_CHARSET_FLAG=ON" "-DVCPKG_PLATFORM_TOOLSET=v143" "-DCMAKE_EXPORT_NO_PACKAGE_REGISTRY=ON" "-DCMAKE_FIND_PACKAGE_NO_PACKAGE_REGISTRY=ON" "-DCMAKE_FIND_PACKAGE_NO_SYSTEM_PACKAGE_REGISTRY=ON" "-DCMAKE_INSTALL_SYSTEM_RUNTIME_LIBS_SKIP=TRUE" "-DCMAKE_VERBOSE_MAKEFILE=ON" "-DVCPKG_APPLOCAL_DEPS=OFF" "-DCMAKE_TOOLCHAIN_FILE=B:/Capstone/Digital-Twin-CS_Capstone/vcpkg/scripts/buildsystems/vcpkg.cmake" "-DCMAKE_ERROR_ON_ABSOLUTE_INSTALL_DESTINATION=ON" "-DVCPKG_CXX_FLAGS=" "-DVCPKG_CXX_FLAGS_RELEASE=" "-DVCPKG_CXX_FLAGS_DEBUG=" "-DVCPKG_C_FLAGS=" "-DVCPKG_C_FLAGS_RELEASE=" "-DVCPKG_C_FLAGS_DEBUG=" "-DVCPKG_CRT_LINKAGE=dynamic" "-DVCPKG_LINKER_FLAGS=" "-DVCPKG_LINKER_FLAGS_RELEASE=" "-DVCPKG_LINKER_FLAGS_DEBUG=" "-DVCPKG_TARGET_ARCHITECTURE=x64" "-DCMAKE_INSTALL_LIBDIR:STRING=lib" "-DCMAKE_INSTALL_BINDIR:STRING=bin" "-D_VCPKG_ROOT_DIR=B:/Capstone/Digital-Twin-CS_Capstone/vcpkg" "-D_VCPKG_INSTALLED_DIR=B:/Capstone/Digital-Twin-CS_Capstone/vcpkg/installed" "-DVCPKG_MANIFEST_INSTALL=OFF"
-- The C compiler identification is MSVC 19.37.32824.0
-- Detecting C compiler ABI info
-- Detecting C compiler ABI info - done
-- Check for working C compiler: C:/Program Files/Microsoft Visual Studio/2022/Community/VC/Tools/MSVC/14.37.32822/bin/Hostx64/x64/cl.exe - skipped
-- Detecting C compile features
-- Detecting C compile features - done
-- Looking for a CXX compiler
-- Looking for a CXX compiler - C:/Program Files/Microsoft Visual Studio/2022/Community/VC/Tools/MSVC/14.37.32822/bin/Hostx64/x64/cl.exe
-- The CXX compiler identification is MSVC 19.37.32824.0
-- Detecting CXX compiler ABI info
-- Detecting CXX compiler ABI info - done
-- Check for working CXX compiler: C:/Program Files/Microsoft Visual Studio/2022/Community/VC/Tools/MSVC/14.37.32822/bin/Hostx64/x64/cl.exe - skipped
-- Detecting CXX compile features
-- Detecting CXX compile features - done
-- file VERSION_CURRENT contained BUILD_VERSION 1.24.3
-- Found Python3: C:/ProgramData/anaconda3/python.exe (found version "3.11.4") found components: Interpreter 
-- Using bundled libbson
CMake Deprecation Warning at src/libbson/CMakeLists.txt:1 (cmake_minimum_required):
  Compatibility with CMake < 3.5 will be removed from a future version of
  CMake.

  Update the VERSION argument <min> value or use a ...<max> suffix to tell
  CMake that the project does not need compatibility with older versions.


-- libbson version (from VERSION_CURRENT file): 1.24.3
-- Looking for snprintf
-- Looking for snprintf - found
-- Performing Test BSON_HAVE_TIMESPEC
-- Performing Test BSON_HAVE_TIMESPEC - Success
--     struct timespec found
-- Looking for gmtime_r
-- Looking for gmtime_r - not found
-- Looking for rand_r
-- Looking for rand_r - not found
-- Looking for strings.h
-- Looking for strings.h - not found
-- Looking for strlcpy
-- Looking for strlcpy - not found
-- Looking for stdbool.h
-- Looking for stdbool.h - found
-- Performing Test CMAKE_HAVE_LIBC_PTHREAD
-- Performing Test CMAKE_HAVE_LIBC_PTHREAD - Failed
-- Looking for pthread_create in pthreads
-- Looking for pthread_create in pthreads - not found
-- Looking for pthread_create in pthread
-- Looking for pthread_create in pthread - not found
-- Found Threads: TRUE  
-- Build files generated for:
-- 	build system: Ninja
-- Configuring done (10.5s)
-- Generating done (0.0s)
CMake Warning:
  Manually-specified variables were not used by the project:

    FETCHCONTENT_FULLY_DISCONNECTED
    _VCPKG_ROOT_DIR


-- Build files have been written to: B:/Capstone/Digital-Twin-CS_Capstone/vcpkg/buildtrees/libbson/x64-windows-dbg
[2/2] "C:/Program Files/CMake/bin/cmake.exe" -E chdir ".." "C:/Program Files/CMake/bin/cmake.exe" "B:/Capstone/Digital-Twin-CS_Capstone/vcpkg/buildtrees/libbson/src/1.24.3-34dd83f208.clean" "-G" "Ninja" "-DCMAKE_BUILD_TYPE=Release" "-DCMAKE_INSTALL_PREFIX=B:/Capstone/Digital-Twin-CS_Capstone/vcpkg/packages/libbson_x64-windows" "-DFETCHCONTENT_FULLY_DISCONNECTED=ON" "-DENABLE_BSON=ON" "-DENABLE_EXAMPLES=OFF" "-DENABLE_ICU=OFF" "-DENABLE_MONGOC=OFF" "-DENABLE_SASL=OFF" "-DENABLE_SNAPPY=OFF" "-DENABLE_SRV=OFF" "-DENABLE_SSL=OFF" "-DENABLE_STATIC=OFF" "-DENABLE_TESTS=OFF" "-DENABLE_UNINSTALL=OFF" "-DENABLE_ZLIB=SYSTEM" "-DENABLE_ZSTD=OFF" "-DCMAKE_MAKE_PROGRAM=C:/Program Files/Microsoft Visual Studio/2022/Community/Common7/IDE/CommonExtensions/Microsoft/CMake/Ninja/ninja.exe" "-DBUILD_SHARED_LIBS=ON" "-DVCPKG_CHAINLOAD_TOOLCHAIN_FILE=B:/Capstone/Digital-Twin-CS_Capstone/vcpkg/scripts/toolchains/windows.cmake" "-DVCPKG_TARGET_TRIPLET=x64-windows" "-DVCPKG_SET_CHARSET_FLAG=ON" "-DVCPKG_PLATFORM_TOOLSET=v143" "-DCMAKE_EXPORT_NO_PACKAGE_REGISTRY=ON" "-DCMAKE_FIND_PACKAGE_NO_PACKAGE_REGISTRY=ON" "-DCMAKE_FIND_PACKAGE_NO_SYSTEM_PACKAGE_REGISTRY=ON" "-DCMAKE_INSTALL_SYSTEM_RUNTIME_LIBS_SKIP=TRUE" "-DCMAKE_VERBOSE_MAKEFILE=ON" "-DVCPKG_APPLOCAL_DEPS=OFF" "-DCMAKE_TOOLCHAIN_FILE=B:/Capstone/Digital-Twin-CS_Capstone/vcpkg/scripts/buildsystems/vcpkg.cmake" "-DCMAKE_ERROR_ON_ABSOLUTE_INSTALL_DESTINATION=ON" "-DVCPKG_CXX_FLAGS=" "-DVCPKG_CXX_FLAGS_RELEASE=" "-DVCPKG_CXX_FLAGS_DEBUG=" "-DVCPKG_C_FLAGS=" "-DVCPKG_C_FLAGS_RELEASE=" "-DVCPKG_C_FLAGS_DEBUG=" "-DVCPKG_CRT_LINKAGE=dynamic" "-DVCPKG_LINKER_FLAGS=" "-DVCPKG_LINKER_FLAGS_RELEASE=" "-DVCPKG_LINKER_FLAGS_DEBUG=" "-DVCPKG_TARGET_ARCHITECTURE=x64" "-DCMAKE_INSTALL_LIBDIR:STRING=lib" "-DCMAKE_INSTALL_BINDIR:STRING=bin" "-D_VCPKG_ROOT_DIR=B:/Capstone/Digital-Twin-CS_Capstone/vcpkg" "-D_VCPKG_INSTALLED_DIR=B:/Capstone/Digital-Twin-CS_Capstone/vcpkg/installed" "-DVCPKG_MANIFEST_INSTALL=OFF"
-- The C compiler identification is MSVC 19.37.32824.0
-- Detecting C compiler ABI info
-- Detecting C compiler ABI info - done
-- Check for working C compiler: C:/Program Files/Microsoft Visual Studio/2022/Community/VC/Tools/MSVC/14.37.32822/bin/Hostx64/x64/cl.exe - skipped
-- Detecting C compile features
-- Detecting C compile features - done
-- Looking for a CXX compiler
-- Looking for a CXX compiler - C:/Program Files/Microsoft Visual Studio/2022/Community/VC/Tools/MSVC/14.37.32822/bin/Hostx64/x64/cl.exe
-- The CXX compiler identification is MSVC 19.37.32824.0
-- Detecting CXX compiler ABI info
-- Detecting CXX compiler ABI info - done
-- Check for working CXX compiler: C:/Program Files/Microsoft Visual Studio/2022/Community/VC/Tools/MSVC/14.37.32822/bin/Hostx64/x64/cl.exe - skipped
-- Detecting CXX compile features
-- Detecting CXX compile features - done
-- file VERSION_CURRENT contained BUILD_VERSION 1.24.3
-- Found Python3: C:/ProgramData/anaconda3/python.exe (found version "3.11.4") found components: Interpreter 
-- Using bundled libbson
CMake Deprecation Warning at src/libbson/CMakeLists.txt:1 (cmake_minimum_required):
  Compatibility with CMake < 3.5 will be removed from a future version of
  CMake.

  Update the VERSION argument <min> value or use a ...<max> suffix to tell
  CMake that the project does not need compatibility with older versions.


-- libbson version (from VERSION_CURRENT file): 1.24.3
-- Looking for snprintf
-- Looking for snprintf - found
-- Performing Test BSON_HAVE_TIMESPEC
-- Performing Test BSON_HAVE_TIMESPEC - Success
--     struct timespec found
-- Looking for gmtime_r
-- Looking for gmtime_r - not found
-- Looking for rand_r
-- Looking for rand_r - not found
-- Looking for strings.h
-- Looking for strings.h - not found
-- Looking for strlcpy
-- Looking for strlcpy - not found
-- Looking for stdbool.h
-- Looking for stdbool.h - found
-- Performing Test CMAKE_HAVE_LIBC_PTHREAD
-- Performing Test CMAKE_HAVE_LIBC_PTHREAD - Failed
-- Looking for pthread_create in pthreads
-- Looking for pthread_create in pthreads - not found
-- Looking for pthread_create in pthread
-- Looking for pthread_create in pthread - not found
-- Found Threads: TRUE  
-- Build files generated for:
-- 	build system: Ninja
-- Configuring done (10.5s)
-- Generating done (0.0s)
CMake Warning:
  Manually-specified variables were not used by the project:

    FETCHCONTENT_FULLY_DISCONNECTED
    _VCPKG_ROOT_DIR


-- Build files have been written to: B:/Capstone/Digital-Twin-CS_Capstone/vcpkg/buildtrees/libbson/x64-windows-rel
